[debug] [2021-08-16T09:42:47.829Z] ----------------------------------------------------------------------
[debug] [2021-08-16T09:42:47.831Z] Command:       /usr/bin/node /usr/bin/firebase init
[debug] [2021-08-16T09:42:47.831Z] CLI Version:   9.16.0
[debug] [2021-08-16T09:42:47.831Z] Platform:      linux
[debug] [2021-08-16T09:42:47.831Z] Node Version:  v16.4.1
[debug] [2021-08-16T09:42:47.834Z] Time:          Mon Aug 16 2021 19:42:47 GMT+1000 (Australian Eastern Standard Time)
[debug] [2021-08-16T09:42:47.834Z] ----------------------------------------------------------------------
[debug] 
[debug] [2021-08-16T09:42:47.835Z] >>> [apiv2][query] GET https://firebase-public.firebaseio.com/cli.json [none]
[debug] [2021-08-16T09:42:47.886Z] > command requires scopes: ["email","openid","https://www.googleapis.com/auth/cloudplatformprojects.readonly","https://www.googleapis.com/auth/firebase","https://www.googleapis.com/auth/cloud-platform"]
[debug] [2021-08-16T09:42:47.886Z] > authorizing via signed-in user (thetitfairy@gmail.com)
[info] 
     ######## #### ########  ######## ########     ###     ######  ########
     ##        ##  ##     ## ##       ##     ##  ##   ##  ##       ##
     ######    ##  ########  ######   ########  #########  ######  ######
     ##        ##  ##    ##  ##       ##     ## ##     ##       ## ##
     ##       #### ##     ## ######## ########  ##     ##  ######  ########

You're about to initialize a Firebase project in this directory:

  /home/jmhar/Development/code/projects

Before we get started, keep in mind:

  * You are initializing within an existing Firebase project directory

[debug] [2021-08-16T09:42:48.837Z] <<< [apiv2][status] GET https://firebase-public.firebaseio.com/cli.json 200
[debug] [2021-08-16T09:42:48.838Z] <<< [apiv2][body] GET https://firebase-public.firebaseio.com/cli.json {"cloudBuildErrorAfter":1594252800000,"cloudBuildWarnAfter":1590019200000,"defaultNode10After":1594252800000,"minVersion":"3.0.5","node8DeploysDisabledAfter":1613390400000,"node8RuntimeDisabledAfter":1615809600000,"node8WarnAfter":1600128000000}
